c:\users\brian\source\repos\interactive-rubik-cube\rubiks cube bkl source code - github\debug\vc142.pdb
c:\users\brian\source\repos\interactive-rubik-cube\rubiks cube bkl source code - github\debug\vc142.idb
c:\users\brian\source\repos\interactive-rubik-cube\rubiks cube bkl source code - github\debug\test4_main.obj
c:\users\brian\source\repos\interactive-rubik-cube\rubiks cube bkl source code - github\debug\cube.obj
c:\users\brian\source\repos\interactive-rubik-cube\rubiks cube bkl source code - github\debug\cubetransformer.obj
c:\users\brian\source\repos\interactive-rubik-cube\rubiks cube bkl source code - github\debug\rubikcube.obj
c:\users\brian\source\repos\interactive-rubik-cube\rubiks cube bkl source code - github\debug\transform.obj
c:\users\brian\source\repos\interactive-rubik-cube\rubiks cube bkl source code - github\debug\rubikface.obj
c:\users\brian\source\repos\interactive-rubik-cube\rubiks cube bkl source code - github\debug\utility.obj
c:\users\brian\source\repos\interactive-rubik-cube\rubiks cube bkl source code - github\debug\hlsleffect.obj
c:\users\brian\source\repos\interactive-rubik-cube\rubiks cube bkl source code - github\debug\timer.obj
c:\users\brian\source\repos\interactive-rubik-cube\rubiks cube bkl source code - github\debug\camera.obj
c:\users\brian\source\repos\interactive-rubik-cube\rubiks cube bkl source code - github\debug\rubikcubeapp.obj
c:\users\brian\source\repos\interactive-rubik-cube\rubiks cube bkl source code - github\debug\window.obj
c:\users\brian\source\repos\interactive-rubik-cube\rubiks cube bkl source code - github\rubikscube.exe
c:\users\brian\source\repos\interactive-rubik-cube\rubiks cube bkl source code - github\rubikscube.ilk
c:\users\brian\source\repos\interactive-rubik-cube\rubiks cube bkl source code - github\debug\keyboard and mouse.pdb
c:\users\brian\source\repos\interactive-rubik-cube\rubiks cube bkl source code - github\rubikscube.tlog\cl.command.1.tlog
c:\users\brian\source\repos\interactive-rubik-cube\rubiks cube bkl source code - github\rubikscube.tlog\cl.read.1.tlog
c:\users\brian\source\repos\interactive-rubik-cube\rubiks cube bkl source code - github\rubikscube.tlog\cl.write.1.tlog
c:\users\brian\source\repos\interactive-rubik-cube\rubiks cube bkl source code - github\rubikscube.tlog\link-cvtres.read.1.tlog
c:\users\brian\source\repos\interactive-rubik-cube\rubiks cube bkl source code - github\rubikscube.tlog\link-cvtres.write.1.tlog
c:\users\brian\source\repos\interactive-rubik-cube\rubiks cube bkl source code - github\rubikscube.tlog\link-rc.read.1.tlog
c:\users\brian\source\repos\interactive-rubik-cube\rubiks cube bkl source code - github\rubikscube.tlog\link-rc.write.1.tlog
c:\users\brian\source\repos\interactive-rubik-cube\rubiks cube bkl source code - github\rubikscube.tlog\link.8752-cvtres.read.1.tlog
c:\users\brian\source\repos\interactive-rubik-cube\rubiks cube bkl source code - github\rubikscube.tlog\link.8752-cvtres.write.1.tlog
c:\users\brian\source\repos\interactive-rubik-cube\rubiks cube bkl source code - github\rubikscube.tlog\link.8752-rc.read.1.tlog
c:\users\brian\source\repos\interactive-rubik-cube\rubiks cube bkl source code - github\rubikscube.tlog\link.8752-rc.write.1.tlog
c:\users\brian\source\repos\interactive-rubik-cube\rubiks cube bkl source code - github\rubikscube.tlog\link.8752.read.1.tlog
c:\users\brian\source\repos\interactive-rubik-cube\rubiks cube bkl source code - github\rubikscube.tlog\link.8752.write.1.tlog
c:\users\brian\source\repos\interactive-rubik-cube\rubiks cube bkl source code - github\rubikscube.tlog\link.command.1.tlog
c:\users\brian\source\repos\interactive-rubik-cube\rubiks cube bkl source code - github\rubikscube.tlog\link.read.1.tlog
c:\users\brian\source\repos\interactive-rubik-cube\rubiks cube bkl source code - github\rubikscube.tlog\link.write.1.tlog
c:\users\brian\source\repos\interactive-rubik-cube\rubiks cube bkl source code - github\rubikscube.tlog\rc.command.1.tlog
c:\users\brian\source\repos\interactive-rubik-cube\rubiks cube bkl source code - github\rubikscube.tlog\rc.write.1.tlog
